<?xml version="1.0" encoding="UTF-8"?>
<testng-results ignored="0" total="1" passed="1" failed="0" skipped="0">
  <reporter-output>
  </reporter-output>
  <suite started-at="2025-01-26T19:43:13 IST" name="Suite" finished-at="2025-01-26T19:43:23 IST" duration-ms="10015">
    <groups>
      <group name="regression">
        <method signature="ManageNewsTest.verifyUseisabletoClickManagenewsTab()[pri:0, instance:testscript.ManageNewsTest@24569dba]" name="verifyUseisabletoClickManagenewsTab" class="testscript.ManageNewsTest"/>
      </group> <!-- regression -->
    </groups>
    <test started-at="2025-01-26T19:43:13 IST" name="Test" finished-at="2025-01-26T19:43:23 IST" duration-ms="10015">
      <class name="testscript.ManageNewsTest">
        <test-method is-config="true" signature="instalizeBrowser(java.lang.String)[pri:0, instance:testscript.ManageNewsTest@24569dba]" started-at="2025-01-26T19:43:13 IST" name="instalizeBrowser" finished-at="2025-01-26T19:43:19 IST" duration-ms="5786" status="PASS">
          <params>
            <param index="0">
              <value>
                <![CDATA[chrome]]>
              </value>
            </param>
          </params>
          <reporter-output>
          </reporter-output>
        </test-method> <!-- instalizeBrowser -->
        <test-method signature="verifyUseisabletoClickManagenewsTab()[pri:0, instance:testscript.ManageNewsTest@24569dba]" started-at="2025-01-26T19:43:19 IST" name="verifyUseisabletoClickManagenewsTab" description="Test case for Manage News section" finished-at="2025-01-26T19:43:23 IST" duration-ms="4148" status="PASS">
          <reporter-output>
          </reporter-output>
        </test-method> <!-- verifyUseisabletoClickManagenewsTab -->
        <test-method is-config="true" signature="driveQuitAndClose(org.testng.ITestResult)[pri:0, instance:testscript.ManageNewsTest@24569dba]" started-at="2025-01-26T19:43:23 IST" name="driveQuitAndClose" finished-at="2025-01-26T19:43:23 IST" duration-ms="1" status="PASS">
          <params>
            <param index="0">
              <value>
                <![CDATA[[TestResult name=verifyUseisabletoClickManagenewsTab status=SUCCESS method=ManageNewsTest.verifyUseisabletoClickManagenewsTab()[pri:0, instance:testscript.ManageNewsTest@24569dba] output={null}]]]>
              </value>
            </param>
          </params>
          <reporter-output>
          </reporter-output>
        </test-method> <!-- driveQuitAndClose -->
      </class> <!-- testscript.ManageNewsTest -->
    </test> <!-- Test -->
  </suite> <!-- Suite -->
</testng-results>
