<?xml version="1.0" encoding="UTF-8"?>
<testng-results ignored="0" total="1" passed="1" failed="0" skipped="0">
  <reporter-output>
  </reporter-output>
  <suite started-at="2025-01-17T10:51:22 IST" name="Suite" finished-at="2025-01-17T10:51:41 IST" duration-ms="19290">
    <groups>
      <group name="regression">
        <method signature="ManageNewsTest.verifyUseisabletoClickManagenewsTab()[pri:0, instance:testscript.ManageNewsTest@6892b3b6]" name="verifyUseisabletoClickManagenewsTab" class="testscript.ManageNewsTest"/>
      </group> <!-- regression -->
    </groups>
    <test started-at="2025-01-17T10:51:22 IST" name="Test" finished-at="2025-01-17T10:51:41 IST" duration-ms="19290">
      <class name="testscript.ManageNewsTest">
        <test-method is-config="true" signature="instalizeBrowser()[pri:0, instance:testscript.ManageNewsTest@6892b3b6]" started-at="2025-01-17T10:51:22 IST" name="instalizeBrowser" finished-at="2025-01-17T10:51:33 IST" duration-ms="11249" status="PASS">
          <reporter-output>
          </reporter-output>
        </test-method> <!-- instalizeBrowser -->
        <test-method signature="verifyUseisabletoClickManagenewsTab()[pri:0, instance:testscript.ManageNewsTest@6892b3b6]" started-at="2025-01-17T10:51:33 IST" name="verifyUseisabletoClickManagenewsTab" description="Test case for Manage News section" finished-at="2025-01-17T10:51:41 IST" duration-ms="7925" status="PASS">
          <reporter-output>
          </reporter-output>
        </test-method> <!-- verifyUseisabletoClickManagenewsTab -->
        <test-method is-config="true" signature="driveQuitAndClose(org.testng.ITestResult)[pri:0, instance:testscript.ManageNewsTest@6892b3b6]" started-at="2025-01-17T10:51:41 IST" name="driveQuitAndClose" finished-at="2025-01-17T10:51:41 IST" duration-ms="11" status="PASS">
          <params>
            <param index="0">
              <value>
                <![CDATA[[TestResult name=verifyUseisabletoClickManagenewsTab status=SUCCESS method=ManageNewsTest.verifyUseisabletoClickManagenewsTab()[pri:0, instance:testscript.ManageNewsTest@6892b3b6] output={null}]]]>
              </value>
            </param>
          </params>
          <reporter-output>
          </reporter-output>
        </test-method> <!-- driveQuitAndClose -->
      </class> <!-- testscript.ManageNewsTest -->
    </test> <!-- Test -->
  </suite> <!-- Suite -->
</testng-results>
